#
# There is insufficient memory for the Java Runtime Environment to continue.
# Native memory allocation (malloc) failed to allocate 94704 bytes for Chunk::new
# Possible reasons:
#   The system is out of physical RAM or swap space
#   The process is running with CompressedOops enabled, and the Java Heap may be blocking the growth of the native heap
# Possible solutions:
#   Reduce memory load on the system
#   Increase physical memory or swap space
#   Check if swap backing store is full
#   Decrease Java heap size (-Xmx/-Xms)
#   Decrease number of Java threads
#   Decrease Java thread stack sizes (-Xss)
#   Set larger code cache with -XX:ReservedCodeCacheSize=
#   JVM is running with Unscaled Compressed Oops mode in which the Java heap is
#     placed in the first 4GB address space. The Java Heap base address is the
#     maximum limit for the native heap growth. Please use -XX:HeapBaseMinAddress
#     to set the Java Heap base and to place the Java Heap above 4GB virtual address.
# This output file may be truncated or incomplete.
#
#  Out of Memory Error (arena.cpp:189), pid=11568, tid=36996
#
# JRE version: Java(TM) SE Runtime Environment (17.0.11+7) (build 17.0.11+7-LTS-207)
# Java VM: Java HotSpot(TM) 64-Bit Server VM (17.0.11+7-LTS-207, mixed mode, sharing, tiered, compressed oops, compressed class ptrs, g1 gc, windows-amd64)
# No core dump will be written. Minidumps are not enabled by default on client versions of Windows
#

---------------  S U M M A R Y ------------

Command Line: -Xmx64m -Xms64m -Dorg.gradle.appname=gradlew org.gradle.wrapper.GradleWrapperMain bootRun --stacktrace

Host: AMD Ryzen 5 2500U with Radeon Vega Mobile Gfx  , 8 cores, 6G,  Windows 10 , 64 bit Build 19041 (10.0.19041.4717)
Time: Thu Aug 29 08:10:57 2024 Hora estándar de Argentina elapsed time: 526.129100 seconds (0d 0h 8m 46s)

---------------  T H R E A D  ---------------

Current thread (0x000001e3975c3420):  JavaThread "C2 CompilerThread0" daemon [_thread_in_native, id=36996, stack(0x000000b5e3d00000,0x000000b5e3e00000)]


Current CompileTask:
C2: 526132 2061       4       java.util.HashMap$ValueIterator::next (8 bytes)

Stack: [0x000000b5e3d00000,0x000000b5e3e00000]
Native frames: (J=compiled Java code, j=interpreted, Vv=VM code, C=native code)
V  [jvm.dll+0x679cca]
V  [jvm.dll+0x7da13d]
V  [jvm.dll+0x7dba83]
V  [jvm.dll+0x7dc0f3]
V  [jvm.dll+0x2449af]
V  [jvm.dll+0xab83b]
V  [jvm.dll+0xabe1c]
V  [jvm.dll+0x3615ae]
V  [jvm.dll+0x32bd61]
V  [jvm.dll+0x32b1fa]
V  [jvm.dll+0x2161df]
V  [jvm.dll+0x21560f]
V  [jvm.dll+0x1a2040]
V  [jvm.dll+0x225a2b]
V  [jvm.dll+0x223bcb]
V  [jvm.dll+0x7903ec]
V  [jvm.dll+0x78a85a]
V  [jvm.dll+0x678bb5]
C  [ucrtbase.dll+0x21bb2]
C  [KERNEL32.DLL+0x17374]
C  [ntdll.dll+0x4cc91]


---------------  P R O C E S S  ---------------

Threads class SMR info:
_java_thread_list=0x000001e397501510, length=15, elements={
0x000001e3974f8130, 0x000001e3975a4ba0, 0x000001e3975a5b40, 0x000001e3975bfcc0,
0x000001e3975c0590, 0x000001e3975c1680, 0x000001e3975c1f50, 0x000001e3975c3420,
0x000001e3b0c96050, 0x000001e3b0cb6d80, 0x000001e3f607a8a0, 0x000001e3f60871c0,
0x000001e3f72b4190, 0x000001e3f70c90b0, 0x000001e3f6381270
}

Java Threads: ( => current thread )
  0x000001e3974f8130 JavaThread "main" [_thread_in_native, id=13496, stack(0x000000b5e3000000,0x000000b5e3100000)]
  0x000001e3975a4ba0 JavaThread "Reference Handler" daemon [_thread_blocked, id=5200, stack(0x000000b5e3700000,0x000000b5e3800000)]
  0x000001e3975a5b40 JavaThread "Finalizer" daemon [_thread_blocked, id=23404, stack(0x000000b5e3800000,0x000000b5e3900000)]
  0x000001e3975bfcc0 JavaThread "Signal Dispatcher" daemon [_thread_blocked, id=11996, stack(0x000000b5e3900000,0x000000b5e3a00000)]
  0x000001e3975c0590 JavaThread "Attach Listener" daemon [_thread_blocked, id=13192, stack(0x000000b5e3a00000,0x000000b5e3b00000)]
  0x000001e3975c1680 JavaThread "Service Thread" daemon [_thread_blocked, id=11172, stack(0x000000b5e3b00000,0x000000b5e3c00000)]
  0x000001e3975c1f50 JavaThread "Monitor Deflation Thread" daemon [_thread_blocked, id=4684, stack(0x000000b5e3c00000,0x000000b5e3d00000)]
=>0x000001e3975c3420 JavaThread "C2 CompilerThread0" daemon [_thread_in_native, id=36996, stack(0x000000b5e3d00000,0x000000b5e3e00000)]
  0x000001e3b0c96050 JavaThread "C1 CompilerThread0" daemon [_thread_blocked, id=18964, stack(0x000000b5e3e00000,0x000000b5e3f00000)]
  0x000001e3b0cb6d80 JavaThread "Sweeper thread" daemon [_thread_blocked, id=16704, stack(0x000000b5e3f00000,0x000000b5e4000000)]
  0x000001e3f607a8a0 JavaThread "Notification Thread" daemon [_thread_blocked, id=33540, stack(0x000000b5e4000000,0x000000b5e4100000)]
  0x000001e3f60871c0 JavaThread "Common-Cleaner" daemon [_thread_blocked, id=12252, stack(0x000000b5e4200000,0x000000b5e4300000)]
  0x000001e3f72b4190 JavaThread "pool-1-thread-1" [_thread_blocked, id=29568, stack(0x000000b5e4900000,0x000000b5e4a00000)]
  0x000001e3f70c90b0 JavaThread "DisconnectableInputStream source reader" daemon [_thread_in_native, id=22908, stack(0x000000b5e4d00000,0x000000b5e4e00000)]
  0x000001e3f6381270 JavaThread "Forward input" [_thread_blocked, id=32616, stack(0x000000b5e4e00000,0x000000b5e4f00000)]

Other Threads:
  0x000001e39759dc90 VMThread "VM Thread" [stack: 0x000000b5e3600000,0x000000b5e3700000] [id=24860]
  0x000001e39752b0d0 WatcherThread [stack: 0x000000b5e4100000,0x000000b5e4200000] [id=17480]
  0x000001e39751d350 GCTaskThread "GC Thread#0" [stack: 0x000000b5e3100000,0x000000b5e3200000] [id=12328]
  0x000001e3f6867b70 GCTaskThread "GC Thread#1" [stack: 0x000000b5e4400000,0x000000b5e4500000] [id=28596]
  0x000001e3f6d129a0 GCTaskThread "GC Thread#2" [stack: 0x000000b5e4500000,0x000000b5e4600000] [id=4284]
  0x000001e3f6b77b20 GCTaskThread "GC Thread#3" [stack: 0x000000b5e4600000,0x000000b5e4700000] [id=24348]
  0x000001e3f6e7cf30 GCTaskThread "GC Thread#4" [stack: 0x000000b5e4700000,0x000000b5e4800000] [id=10776]
  0x000001e3f6b9fbf0 GCTaskThread "GC Thread#5" [stack: 0x000000b5e4300000,0x000000b5e4400000] [id=15696]
  0x000001e3f7017780 GCTaskThread "GC Thread#6" [stack: 0x000000b5e4800000,0x000000b5e4900000] [id=3696]
  0x000001e3f7017a40 GCTaskThread "GC Thread#7" [stack: 0x000000b5e4a00000,0x000000b5e4b00000] [id=29536]
  0x000001e3975218e0 ConcurrentGCThread "G1 Main Marker" [stack: 0x000000b5e3200000,0x000000b5e3300000] [id=17840]
  0x000001e397524120 ConcurrentGCThread "G1 Conc#0" [stack: 0x000000b5e3300000,0x000000b5e3400000] [id=1456]
  0x000001e397586c20 ConcurrentGCThread "G1 Refine#0" [stack: 0x000000b5e3400000,0x000000b5e3500000] [id=19336]
  0x000001e397587460 ConcurrentGCThread "G1 Service" [stack: 0x000000b5e3500000,0x000000b5e3600000] [id=18364]

Threads with active compile tasks:
C2 CompilerThread0   526264 2061       4       java.util.HashMap$ValueIterator::next (8 bytes)

VM state: not at safepoint (normal execution)

VM Mutex/Monitor currently owned by a thread: None

Heap address: 0x00000000fc000000, size: 64 MB, Compressed Oops mode: 32-bit

CDS archive(s) mapped at: [0x000001e3b1000000-0x000001e3b1bd0000-0x000001e3b1bd0000), size 12386304, SharedBaseAddress: 0x000001e3b1000000, ArchiveRelocationMode: 1.
Compressed class space mapped at: 0x000001e3b2000000-0x000001e3f2000000, reserved size: 1073741824
Narrow klass base: 0x000001e3b1000000, Narrow klass shift: 0, Narrow klass range: 0x100000000

GC Precious Log:
 CPUs: 8 total, 8 available
 Memory: 7068M
 Large Page Support: Disabled
 NUMA Support: Disabled
 Compressed Oops: Enabled (32-bit)
 Heap Region Size: 1M
 Heap Min Capacity: 64M
 Heap Initial Capacity: 64M
 Heap Max Capacity: 64M
 Pre-touch: Disabled
 Parallel Workers: 8
 Concurrent Workers: 2
 Concurrent Refinement Workers: 8
 Periodic GC: Disabled

Heap:
 garbage-first heap   total 65536K, used 29928K [0x00000000fc000000, 0x0000000100000000)
  region size 1024K, 20 young (20480K), 3 survivors (3072K)
 Metaspace       used 10611K, committed 10816K, reserved 1114112K
  class space    used 1364K, committed 1472K, reserved 1048576K

Heap Regions: E=young(eden), S=young(survivor), O=old, HS=humongous(starts), HC=humongous(continues), CS=collection set, F=free, OA=open archive, CA=closed archive, TAMS=top-at-mark-start (previous, next)
|   0|0x00000000fc000000, 0x00000000fc100000, 0x00000000fc100000|100%|HS|  |TAMS 0x00000000fc000000, 0x00000000fc000000| Complete 
|   1|0x00000000fc100000, 0x00000000fc200000, 0x00000000fc200000|100%|HC|  |TAMS 0x00000000fc100000, 0x00000000fc100000| Complete 
|   2|0x00000000fc200000, 0x00000000fc300000, 0x00000000fc300000|100%|HC|  |TAMS 0x00000000fc200000, 0x00000000fc200000| Complete 
|   3|0x00000000fc300000, 0x00000000fc400000, 0x00000000fc400000|100%|HC|  |TAMS 0x00000000fc300000, 0x00000000fc300000| Complete 
|   4|0x00000000fc400000, 0x00000000fc500000, 0x00000000fc500000|100%| O|  |TAMS 0x00000000fc400000, 0x00000000fc400000| Untracked 
|   5|0x00000000fc500000, 0x00000000fc600000, 0x00000000fc600000|100%| O|  |TAMS 0x00000000fc500000, 0x00000000fc500000| Untracked 
|   6|0x00000000fc600000, 0x00000000fc700000, 0x00000000fc700000|100%| O|  |TAMS 0x00000000fc600000, 0x00000000fc600000| Untracked 
|   7|0x00000000fc700000, 0x00000000fc800000, 0x00000000fc800000|100%| O|  |TAMS 0x00000000fc700000, 0x00000000fc700000| Untracked 
|   8|0x00000000fc800000, 0x00000000fc900000, 0x00000000fc900000|100%| O|  |TAMS 0x00000000fc800000, 0x00000000fc800000| Untracked 
|   9|0x00000000fc900000, 0x00000000fca00000, 0x00000000fca00000|100%| O|  |TAMS 0x00000000fc900000, 0x00000000fc900000| Untracked 
|  10|0x00000000fca00000, 0x00000000fcaeb000, 0x00000000fcb00000| 91%| O|  |TAMS 0x00000000fca00000, 0x00000000fca00000| Untracked 
|  11|0x00000000fcb00000, 0x00000000fcb00000, 0x00000000fcc00000|  0%| F|  |TAMS 0x00000000fcb00000, 0x00000000fcb00000| Untracked 
|  12|0x00000000fcc00000, 0x00000000fcc00000, 0x00000000fcd00000|  0%| F|  |TAMS 0x00000000fcc00000, 0x00000000fcc00000| Untracked 
|  13|0x00000000fcd00000, 0x00000000fcd00000, 0x00000000fce00000|  0%| F|  |TAMS 0x00000000fcd00000, 0x00000000fcd00000| Untracked 
|  14|0x00000000fce00000, 0x00000000fce00000, 0x00000000fcf00000|  0%| F|  |TAMS 0x00000000fce00000, 0x00000000fce00000| Untracked 
|  15|0x00000000fcf00000, 0x00000000fcf00000, 0x00000000fd000000|  0%| F|  |TAMS 0x00000000fcf00000, 0x00000000fcf00000| Untracked 
|  16|0x00000000fd000000, 0x00000000fd000000, 0x00000000fd100000|  0%| F|  |TAMS 0x00000000fd000000, 0x00000000fd000000| Untracked 
|  17|0x00000000fd100000, 0x00000000fd100000, 0x00000000fd200000|  0%| F|  |TAMS 0x00000000fd100000, 0x00000000fd100000| Untracked 
|  18|0x00000000fd200000, 0x00000000fd200000, 0x00000000fd300000|  0%| F|  |TAMS 0x00000000fd200000, 0x00000000fd200000| Untracked 
|  19|0x00000000fd300000, 0x00000000fd300000, 0x00000000fd400000|  0%| F|  |TAMS 0x00000000fd300000, 0x00000000fd300000| Untracked 
|  20|0x00000000fd400000, 0x00000000fd400000, 0x00000000fd500000|  0%| F|  |TAMS 0x00000000fd400000, 0x00000000fd400000| Untracked 
|  21|0x00000000fd500000, 0x00000000fd500000, 0x00000000fd600000|  0%| F|  |TAMS 0x00000000fd500000, 0x00000000fd500000| Untracked 
|  22|0x00000000fd600000, 0x00000000fd600000, 0x00000000fd700000|  0%| F|  |TAMS 0x00000000fd600000, 0x00000000fd600000| Untracked 
|  23|0x00000000fd700000, 0x00000000fd700000, 0x00000000fd800000|  0%| F|  |TAMS 0x00000000fd700000, 0x00000000fd700000| Untracked 
|  24|0x00000000fd800000, 0x00000000fd800000, 0x00000000fd900000|  0%| F|  |TAMS 0x00000000fd800000, 0x00000000fd800000| Untracked 
|  25|0x00000000fd900000, 0x00000000fd900000, 0x00000000fda00000|  0%| F|  |TAMS 0x00000000fd900000, 0x00000000fd900000| Untracked 
|  26|0x00000000fda00000, 0x00000000fda00000, 0x00000000fdb00000|  0%| F|  |TAMS 0x00000000fda00000, 0x00000000fda00000| Untracked 
|  27|0x00000000fdb00000, 0x00000000fdb00000, 0x00000000fdc00000|  0%| F|  |TAMS 0x00000000fdb00000, 0x00000000fdb00000| Untracked 
|  28|0x00000000fdc00000, 0x00000000fdc00000, 0x00000000fdd00000|  0%| F|  |TAMS 0x00000000fdc00000, 0x00000000fdc00000| Untracked 
|  29|0x00000000fdd00000, 0x00000000fdd00000, 0x00000000fde00000|  0%| F|  |TAMS 0x00000000fdd00000, 0x00000000fdd00000| Untracked 
|  30|0x00000000fde00000, 0x00000000fde00000, 0x00000000fdf00000|  0%| F|  |TAMS 0x00000000fde00000, 0x00000000fde00000| Untracked 
|  31|0x00000000fdf00000, 0x00000000fdf00000, 0x00000000fe000000|  0%| F|  |TAMS 0x00000000fdf00000, 0x00000000fdf00000| Untracked 
|  32|0x00000000fe000000, 0x00000000fe000000, 0x00000000fe100000|  0%| F|  |TAMS 0x00000000fe000000, 0x00000000fe000000| Untracked 
|  33|0x00000000fe100000, 0x00000000fe100000, 0x00000000fe200000|  0%| F|  |TAMS 0x00000000fe100000, 0x00000000fe100000| Untracked 
|  34|0x00000000fe200000, 0x00000000fe200000, 0x00000000fe300000|  0%| F|  |TAMS 0x00000000fe200000, 0x00000000fe200000| Untracked 
|  35|0x00000000fe300000, 0x00000000fe300000, 0x00000000fe400000|  0%| F|  |TAMS 0x00000000fe300000, 0x00000000fe300000| Untracked 
|  36|0x00000000fe400000, 0x00000000fe44f158, 0x00000000fe500000| 30%| S|CS|TAMS 0x00000000fe400000, 0x00000000fe400000| Complete 
|  37|0x00000000fe500000, 0x00000000fe600000, 0x00000000fe600000|100%| S|CS|TAMS 0x00000000fe500000, 0x00000000fe500000| Complete 
|  38|0x00000000fe600000, 0x00000000fe600000, 0x00000000fe700000|  0%| F|  |TAMS 0x00000000fe600000, 0x00000000fe600000| Untracked 
|  39|0x00000000fe700000, 0x00000000fe700000, 0x00000000fe800000|  0%| F|  |TAMS 0x00000000fe700000, 0x00000000fe700000| Untracked 
|  40|0x00000000fe800000, 0x00000000fe800000, 0x00000000fe900000|  0%| F|  |TAMS 0x00000000fe800000, 0x00000000fe800000| Untracked 
|  41|0x00000000fe900000, 0x00000000fea00000, 0x00000000fea00000|100%| S|CS|TAMS 0x00000000fe900000, 0x00000000fe900000| Complete 
|  42|0x00000000fea00000, 0x00000000fea00000, 0x00000000feb00000|  0%| F|  |TAMS 0x00000000fea00000, 0x00000000fea00000| Untracked 
|  43|0x00000000feb00000, 0x00000000feb00000, 0x00000000fec00000|  0%| F|  |TAMS 0x00000000feb00000, 0x00000000feb00000| Untracked 
|  44|0x00000000fec00000, 0x00000000fec00000, 0x00000000fed00000|  0%| F|  |TAMS 0x00000000fec00000, 0x00000000fec00000| Untracked 
|  45|0x00000000fed00000, 0x00000000fed00000, 0x00000000fee00000|  0%| F|  |TAMS 0x00000000fed00000, 0x00000000fed00000| Untracked 
|  46|0x00000000fee00000, 0x00000000fee00000, 0x00000000fef00000|  0%| F|  |TAMS 0x00000000fee00000, 0x00000000fee00000| Untracked 
|  47|0x00000000fef00000, 0x00000000fefae988, 0x00000000ff000000| 68%| E|  |TAMS 0x00000000fef00000, 0x00000000fef00000| Complete 
|  48|0x00000000ff000000, 0x00000000ff100000, 0x00000000ff100000|100%| E|CS|TAMS 0x00000000ff000000, 0x00000000ff000000| Complete 
|  49|0x00000000ff100000, 0x00000000ff200000, 0x00000000ff200000|100%| E|CS|TAMS 0x00000000ff100000, 0x00000000ff100000| Complete 
|  50|0x00000000ff200000, 0x00000000ff300000, 0x00000000ff300000|100%| E|CS|TAMS 0x00000000ff200000, 0x00000000ff200000| Complete 
|  51|0x00000000ff300000, 0x00000000ff400000, 0x00000000ff400000|100%| E|CS|TAMS 0x00000000ff300000, 0x00000000ff300000| Complete 
|  52|0x00000000ff400000, 0x00000000ff500000, 0x00000000ff500000|100%| E|CS|TAMS 0x00000000ff400000, 0x00000000ff400000| Complete 
|  53|0x00000000ff500000, 0x00000000ff600000, 0x00000000ff600000|100%| E|CS|TAMS 0x00000000ff500000, 0x00000000ff500000| Complete 
|  54|0x00000000ff600000, 0x00000000ff700000, 0x00000000ff700000|100%| E|CS|TAMS 0x00000000ff600000, 0x00000000ff600000| Complete 
|  55|0x00000000ff700000, 0x00000000ff800000, 0x00000000ff800000|100%| E|CS|TAMS 0x00000000ff700000, 0x00000000ff700000| Complete 
|  56|0x00000000ff800000, 0x00000000ff900000, 0x00000000ff900000|100%| E|CS|TAMS 0x00000000ff800000, 0x00000000ff800000| Complete 
|  57|0x00000000ff900000, 0x00000000ffa00000, 0x00000000ffa00000|100%| E|CS|TAMS 0x00000000ff900000, 0x00000000ff900000| Complete 
|  58|0x00000000ffa00000, 0x00000000ffb00000, 0x00000000ffb00000|100%| E|CS|TAMS 0x00000000ffa00000, 0x00000000ffa00000| Complete 
|  59|0x00000000ffb00000, 0x00000000ffc00000, 0x00000000ffc00000|100%| E|CS|TAMS 0x00000000ffb00000, 0x00000000ffb00000| Complete 
|  60|0x00000000ffc00000, 0x00000000ffd00000, 0x00000000ffd00000|100%| E|CS|TAMS 0x00000000ffc00000, 0x00000000ffc00000| Complete 
|  61|0x00000000ffd00000, 0x00000000ffe00000, 0x00000000ffe00000|100%| E|CS|TAMS 0x00000000ffd00000, 0x00000000ffd00000| Complete 
|  62|0x00000000ffe00000, 0x00000000fff00000, 0x00000000fff00000|100%| E|CS|TAMS 0x00000000ffe00000, 0x00000000ffe00000| Complete 
|  63|0x00000000fff00000, 0x0000000100000000, 0x0000000100000000|100%| E|CS|TAMS 0x00000000fff00000, 0x00000000fff00000| Complete 

Card table byte_map: [0x000001e397450000,0x000001e397470000] _byte_map_base: 0x000001e396c70000

Marking Bits (Prev, Next): (CMBitMap*) 0x000001e39751e790, (CMBitMap*) 0x000001e39751e7d0
 Prev Bits: [0x000001e3ae0f0000, 0x000001e3ae1f0000)
 Next Bits: [0x000001e3ae1f0000, 0x000001e3ae2f0000)

Polling page: 0x000001e395510000

Metaspace:

Usage:
  Non-class:      9.03 MB used.
      Class:      1.33 MB used.
       Both:     10.36 MB used.

Virtual space:
  Non-class space:       64.00 MB reserved,       9.12 MB ( 14%) committed,  1 nodes.
      Class space:        1.00 GB reserved,       1.44 MB ( <1%) committed,  1 nodes.
             Both:        1.06 GB reserved,      10.56 MB ( <1%) committed. 

Chunk freelists:
   Non-Class:  6.08 MB
       Class:  14.48 MB
        Both:  20.56 MB

MaxMetaspaceSize: unlimited
CompressedClassSpaceSize: 1.00 GB
Initial GC threshold: 21.00 MB
Current GC threshold: 21.00 MB
CDS: on
MetaspaceReclaimPolicy: balanced
 - commit_granule_bytes: 65536.
 - commit_granule_words: 8192.
 - virtual_space_node_default_size: 8388608.
 - enlarge_chunks_in_place: 1.
 - new_chunks_are_fully_committed: 0.
 - uncommit_free_chunks: 1.
 - use_allocation_guard: 0.
 - handle_deallocations: 1.


Internal statistics:

num_allocs_failed_limit: 0.
num_arena_births: 92.
num_arena_deaths: 0.
num_vsnodes_births: 2.
num_vsnodes_deaths: 0.
num_space_committed: 169.
num_space_uncommitted: 0.
num_chunks_returned_to_freelist: 0.
num_chunks_taken_from_freelist: 376.
num_chunk_merges: 0.
num_chunk_splits: 261.
num_chunks_enlarged: 208.
num_inconsistent_stats: 0.

CodeHeap 'non-profiled nmethods': size=120000Kb used=926Kb max_used=926Kb free=119073Kb
 bounds [0x000001e3a6890000, 0x000001e3a6b00000, 0x000001e3addc0000]
CodeHeap 'profiled nmethods': size=120000Kb used=3896Kb max_used=3896Kb free=116103Kb
 bounds [0x000001e39edc0000, 0x000001e39f190000, 0x000001e3a62f0000]
CodeHeap 'non-nmethods': size=5760Kb used=1192Kb max_used=1224Kb free=4568Kb
 bounds [0x000001e3a62f0000, 0x000001e3a6560000, 0x000001e3a6890000]
 total_blobs=2553 nmethods=2060 adapters=406
 compilation: enabled
              stopped_count=0, restarted_count=0
 full_count=0

Compilation events (20 events):
Event: 499.314 Thread 0x000001e3975c3420 nmethod 2051 0x000001e3a6974e90 code [0x000001e3a6975040, 0x000001e3a6975938]
Event: 504.193 Thread 0x000001e3b0c96050 2052       3       com.google.common.collect.Lists$ReverseList::reversePosition (15 bytes)
Event: 504.194 Thread 0x000001e3b0c96050 nmethod 2052 0x000001e39f18ba90 code [0x000001e39f18bc60, 0x000001e39f18bfb8]
Event: 504.194 Thread 0x000001e3b0c96050 2053       3       com.google.common.collect.Lists$ReverseList::size (10 bytes)
Event: 504.194 Thread 0x000001e3b0c96050 nmethod 2053 0x000001e39f18c110 code [0x000001e39f18c2c0, 0x000001e39f18c488]
Event: 504.194 Thread 0x000001e3b0c96050 2054       3       com.google.common.collect.Lists$ReverseList$1::<init> (15 bytes)
Event: 504.194 Thread 0x000001e3b0c96050 nmethod 2054 0x000001e39f18c590 code [0x000001e39f18c740, 0x000001e39f18c958]
Event: 508.699 Thread 0x000001e3975c3420 2055       4       java.util.concurrent.locks.LockSupport::parkNanos (29 bytes)
Event: 508.702 Thread 0x000001e3975c3420 nmethod 2055 0x000001e3a6975c10 code [0x000001e3a6975da0, 0x000001e3a6975f88]
Event: 509.197 Thread 0x000001e3b0c96050 2056       3       com.google.common.collect.Lists$ReverseList::listIterator (27 bytes)
Event: 509.198 Thread 0x000001e3b0c96050 nmethod 2056 0x000001e39f18ca10 code [0x000001e39f18cc00, 0x000001e39f18d288]
Event: 509.198 Thread 0x000001e3b0c96050 2057       3       org.gradle.internal.logging.console.DefaultColorMap$ForegroundColor::off (9 bytes)
Event: 509.198 Thread 0x000001e3b0c96050 nmethod 2057 0x000001e39f18d510 code [0x000001e39f18d700, 0x000001e39f18dd58]
Event: 517.798 Thread 0x000001e3975c3420 2058       4       java.util.concurrent.locks.AbstractQueuedSynchronizer$Node::getAndUnsetStatus (14 bytes)
Event: 517.800 Thread 0x000001e3975c3420 nmethod 2058 0x000001e3a6976090 code [0x000001e3a6976200, 0x000001e3a69762b8]
Event: 519.189 Thread 0x000001e3975c3420 2059 %     4       java.lang.StringCoding::implEncodeAsciiArray @ 3 (47 bytes)
Event: 519.198 Thread 0x000001e3975c3420 nmethod 2059% 0x000001e3a6976390 code [0x000001e3a6976520, 0x000001e3a6976978]
Event: 519.998 Thread 0x000001e3975c3420 2060       4       com.google.common.collect.TransformedIterator::hasNext (10 bytes)
Event: 520.018 Thread 0x000001e3975c3420 nmethod 2060 0x000001e3a6976b10 code [0x000001e3a6976cc0, 0x000001e3a69775f8]
Event: 526.094 Thread 0x000001e3975c3420 2061       4       java.util.HashMap$ValueIterator::next (8 bytes)

GC Heap History (4 events):
Event: 1.172 GC heap before
{Heap before GC invocations=0 (full 0):
 garbage-first heap   total 65536K, used 26624K [0x00000000fc000000, 0x0000000100000000)
  region size 1024K, 23 young (23552K), 0 survivors (0K)
 Metaspace       used 2640K, committed 2816K, reserved 1114112K
  class space    used 279K, committed 384K, reserved 1048576K
}
Event: 1.185 GC heap after
{Heap after GC invocations=1 (full 0):
 garbage-first heap   total 65536K, used 10664K [0x00000000fc000000, 0x0000000100000000)
  region size 1024K, 3 young (3072K), 3 survivors (3072K)
 Metaspace       used 2640K, committed 2816K, reserved 1114112K
  class space    used 279K, committed 384K, reserved 1048576K
}
Event: 2.423 GC heap before
{Heap before GC invocations=1 (full 0):
 garbage-first heap   total 65536K, used 33192K [0x00000000fc000000, 0x0000000100000000)
  region size 1024K, 25 young (25600K), 3 survivors (3072K)
 Metaspace       used 8365K, committed 8640K, reserved 1114112K
  class space    used 1132K, committed 1280K, reserved 1048576K
}
Event: 2.428 GC heap after
{Heap after GC invocations=2 (full 0):
 garbage-first heap   total 65536K, used 13544K [0x00000000fc000000, 0x0000000100000000)
  region size 1024K, 3 young (3072K), 3 survivors (3072K)
 Metaspace       used 8365K, committed 8640K, reserved 1114112K
  class space    used 1132K, committed 1280K, reserved 1048576K
}

Deoptimization events (20 events):
Event: 2.637 Thread 0x000001e3f70b0020 Uncommon trap: trap_request=0xffffff45 fr.pc=0x000001e3a68cbed8 relative=0x0000000000000138
Event: 2.637 Thread 0x000001e3f70b0020 Uncommon trap: reason=unstable_if action=reinterpret pc=0x000001e3a68cbed8 method=java.lang.AbstractStringBuilder.putStringAt(ILjava/lang/String;II)V @ 8 c2
Event: 2.637 Thread 0x000001e3f70b0020 DEOPT PACKING pc=0x000001e3a68cbed8 sp=0x000000b5e4cfec30
Event: 2.637 Thread 0x000001e3f70b0020 DEOPT UNPACKING pc=0x000001e3a63423a3 sp=0x000000b5e4cfebf8 mode 2
Event: 2.637 Thread 0x000001e3f70b0020 Uncommon trap: trap_request=0xffffff45 fr.pc=0x000001e3a6913fec relative=0x00000000000003cc
Event: 2.637 Thread 0x000001e3f70b0020 Uncommon trap: reason=unstable_if action=reinterpret pc=0x000001e3a6913fec method=java.lang.AbstractStringBuilder.isLatin1()Z @ 10 c2
Event: 2.637 Thread 0x000001e3f70b0020 DEOPT PACKING pc=0x000001e3a6913fec sp=0x000000b5e4cfed90
Event: 2.637 Thread 0x000001e3f70b0020 DEOPT UNPACKING pc=0x000001e3a63423a3 sp=0x000000b5e4cfed10 mode 2
Event: 5.924 Thread 0x000001e3f70b0020 Uncommon trap: trap_request=0xffffff45 fr.pc=0x000001e3a689cc80 relative=0x0000000000000080
Event: 5.924 Thread 0x000001e3f70b0020 Uncommon trap: reason=unstable_if action=reinterpret pc=0x000001e3a689cc80 method=java.lang.String.codePointAt(I)I @ 4 c2
Event: 5.924 Thread 0x000001e3f70b0020 DEOPT PACKING pc=0x000001e3a689cc80 sp=0x000000b5e4cfecf0
Event: 5.924 Thread 0x000001e3f70b0020 DEOPT UNPACKING pc=0x000001e3a63423a3 sp=0x000000b5e4cfec88 mode 2
Event: 6.067 Thread 0x000001e3974f8130 Uncommon trap: trap_request=0xffffff45 fr.pc=0x000001e3a68f2df4 relative=0x0000000000000414
Event: 6.067 Thread 0x000001e3974f8130 Uncommon trap: reason=unstable_if action=reinterpret pc=0x000001e3a68f2df4 method=java.util.regex.Matcher.match(II)Z @ 76 c2
Event: 6.067 Thread 0x000001e3974f8130 DEOPT PACKING pc=0x000001e3a68f2df4 sp=0x000000b5e30fbd30
Event: 6.067 Thread 0x000001e3974f8130 DEOPT UNPACKING pc=0x000001e3a63423a3 sp=0x000000b5e30fbce8 mode 2
Event: 226.378 Thread 0x000001e3f70c90b0 Uncommon trap: trap_request=0xffffff45 fr.pc=0x000001e3a6952234 relative=0x0000000000000034
Event: 226.379 Thread 0x000001e3f70c90b0 Uncommon trap: reason=unstable_if action=reinterpret pc=0x000001e3a6952234 method=java.util.concurrent.locks.AbstractQueuedSynchronizer.signalNext(Ljava/util/concurrent/locks/AbstractQueuedSynchronizer$Node;)V @ 1 c2
Event: 226.380 Thread 0x000001e3f70c90b0 DEOPT PACKING pc=0x000001e3a6952234 sp=0x000000b5e4dff2b0
Event: 226.381 Thread 0x000001e3f70c90b0 DEOPT UNPACKING pc=0x000001e3a63423a3 sp=0x000000b5e4dff240 mode 2

Classes unloaded (0 events):
No events

Classes redefined (0 events):
No events

Internal exceptions (20 events):
Event: 1.405 Thread 0x000001e3974f8130 Exception <a 'java/lang/NoSuchMethodError'{0x00000000ffbad060}: 'java.lang.Object java.lang.invoke.Invokers$Holder.invoker(java.lang.Object, java.lang.Object, java.lang.Object)'> (0x00000000ffbad060) 
thrown [s\open\src\hotspot\share\interpreter\linkResolver.cpp, line 759]
Event: 1.406 Thread 0x000001e3974f8130 Exception <a 'java/lang/NoSuchMethodError'{0x00000000ffbb5f50}: 'java.lang.Object java.lang.invoke.DirectMethodHandle$Holder.invokeStatic(java.lang.Object, java.lang.Object, int)'> (0x00000000ffbb5f50) 
thrown [s\open\src\hotspot\share\interpreter\linkResolver.cpp, line 759]
Event: 1.407 Thread 0x000001e3974f8130 Exception <a 'java/lang/NoSuchMethodError'{0x00000000ffbc1c40}: 'void java.lang.invoke.DelegatingMethodHandle$Holder.delegate(java.lang.Object, java.lang.Object, int, java.lang.Object)'> (0x00000000ffbc1c40) 
thrown [s\open\src\hotspot\share\interpreter\linkResolver.cpp, line 759]
Event: 1.408 Thread 0x000001e3974f8130 Exception <a 'java/lang/NoSuchMethodError'{0x00000000ffbc5d88}: 'int java.lang.invoke.DirectMethodHandle$Holder.invokeSpecial(java.lang.Object, java.lang.Object, java.lang.Object)'> (0x00000000ffbc5d88) 
thrown [s\open\src\hotspot\share\interpreter\linkResolver.cpp, line 759]
Event: 1.410 Thread 0x000001e3974f8130 Exception <a 'java/lang/NoSuchMethodError'{0x00000000ffbd8ed0}: 'java.lang.Object java.lang.invoke.Invokers$Holder.invokeExact_MT(java.lang.Object, java.lang.Object, java.lang.Object, java.lang.Object)'> (0x00000000ffbd8ed0) 
thrown [s\open\src\hotspot\share\interpreter\linkResolver.cpp, line 759]
Event: 1.718 Thread 0x000001e3974f8130 Exception <a 'java/lang/NoSuchMethodError'{0x00000000ff4d4ac0}: 'void java.lang.invoke.DirectMethodHandle$Holder.invokeSpecial(java.lang.Object, java.lang.Object, java.lang.Object)'> (0x00000000ff4d4ac0) 
thrown [s\open\src\hotspot\share\interpreter\linkResolver.cpp, line 759]
Event: 1.735 Thread 0x000001e3974f8130 Implicit null exception at 0x000001e3a68f062c to 0x000001e3a68f0a58
Event: 1.735 Thread 0x000001e3974f8130 Implicit null exception at 0x000001e3a68d052c to 0x000001e3a68d0968
Event: 1.773 Thread 0x000001e3974f8130 Exception <a 'java/lang/NoSuchMethodError'{0x00000000ff247140}: 'java.lang.Object java.lang.invoke.DirectMethodHandle$Holder.invokeStaticInit(java.lang.Object)'> (0x00000000ff247140) 
thrown [s\open\src\hotspot\share\interpreter\linkResolver.cpp, line 759]
Event: 1.827 Thread 0x000001e3974f8130 Exception <a 'java/lang/NoSuchMethodError'{0x00000000ff2f1090}: 'int java.lang.invoke.DirectMethodHandle$Holder.invokeVirtual(java.lang.Object, java.lang.Object, java.lang.Object)'> (0x00000000ff2f1090) 
thrown [s\open\src\hotspot\share\interpreter\linkResolver.cpp, line 759]
Event: 1.923 Thread 0x000001e3974f8130 Exception <a 'java/lang/NoSuchMethodError'{0x00000000feda1c10}: 'java.lang.Object java.lang.invoke.DirectMethodHandle$Holder.invokeStaticInit(java.lang.Object, int, int, int, int)'> (0x00000000feda1c10) 
thrown [s\open\src\hotspot\share\interpreter\linkResolver.cpp, line 759]
Event: 2.037 Thread 0x000001e3974f8130 Exception <a 'java/lang/NoSuchMethodError'{0x00000000fec3c240}: 'java.lang.Object java.lang.invoke.DirectMethodHandle$Holder.invokeStaticInit(java.lang.Object, java.lang.Object, int, int, int, int)'> (0x00000000fec3c240) 
thrown [s\open\src\hotspot\share\interpreter\linkResolver.cpp, line 759]
Event: 2.301 Thread 0x000001e3974f8130 Exception <a 'java/lang/NoSuchMethodError'{0x00000000fec6cf28}: 'void java.lang.invoke.DirectMethodHandle$Holder.invokeStatic(java.lang.Object, java.lang.Object, java.lang.Object)'> (0x00000000fec6cf28) 
thrown [s\open\src\hotspot\share\interpreter\linkResolver.cpp, line 759]
Event: 2.346 Thread 0x000001e3974f8130 Implicit null exception at 0x000001e3a68cc5f2 to 0x000001e3a68ccbc0
Event: 2.356 Thread 0x000001e3974f8130 Implicit null exception at 0x000001e3a68d5ef2 to 0x000001e3a68d64d0
Event: 2.606 Thread 0x000001e3f70b0020 Exception <a 'java/lang/NoSuchMethodError'{0x00000000ffa7eba8}: 'void java.lang.invoke.DirectMethodHandle$Holder.invokeStatic(java.lang.Object, long)'> (0x00000000ffa7eba8) 
thrown [s\open\src\hotspot\share\interpreter\linkResolver.cpp, line 759]
Event: 2.607 Thread 0x000001e3f70b0020 Exception <a 'java/lang/NoSuchMethodError'{0x00000000ffa84500}: 'java.lang.Object java.lang.invoke.DirectMethodHandle$Holder.newInvokeSpecial(java.lang.Object, long)'> (0x00000000ffa84500) 
thrown [s\open\src\hotspot\share\interpreter\linkResolver.cpp, line 759]
Event: 2.610 Thread 0x000001e3f70b0020 Exception <a 'java/lang/NoSuchMethodError'{0x00000000ffa8f128}: 'java.lang.Object java.lang.invoke.DirectMethodHandle$Holder.invokeStaticInit(java.lang.Object, java.lang.Object, long, java.lang.Object)'> (0x00000000ffa8f128) 
thrown [s\open\src\hotspot\share\interpreter\linkResolver.cpp, line 759]
Event: 2.611 Thread 0x000001e3f70b0020 Exception <a 'java/lang/NoSuchMethodError'{0x00000000ffa957b0}: 'java.lang.Object java.lang.invoke.DirectMethodHandle$Holder.newInvokeSpecial(java.lang.Object, java.lang.Object, long)'> (0x00000000ffa957b0) 
thrown [s\open\src\hotspot\share\interpreter\linkResolver.cpp, line 759]
Event: 2.612 Thread 0x000001e3f70b0020 Exception <a 'java/lang/NoSuchMethodError'{0x00000000ffa99aa0}: 'java.lang.Object java.lang.invoke.Invokers$Holder.linkToTargetMethod(java.lang.Object, long, java.lang.Object)'> (0x00000000ffa99aa0) 
thrown [s\open\src\hotspot\share\interpreter\linkResolver.cpp, line 759]

VM Operations (20 events):
Event: 269.603 Executing VM operation: Cleanup
Event: 269.604 Executing VM operation: Cleanup done
Event: 275.650 Executing VM operation: Cleanup
Event: 275.650 Executing VM operation: Cleanup done
Event: 382.517 Executing VM operation: Cleanup
Event: 382.518 Executing VM operation: Cleanup done
Event: 395.608 Executing VM operation: Cleanup
Event: 395.608 Executing VM operation: Cleanup done
Event: 418.772 Executing VM operation: Cleanup
Event: 418.773 Executing VM operation: Cleanup done
Event: 419.787 Executing VM operation: Cleanup
Event: 419.787 Executing VM operation: Cleanup done
Event: 469.171 Executing VM operation: Cleanup
Event: 469.171 Executing VM operation: Cleanup done
Event: 486.277 Executing VM operation: Cleanup
Event: 486.277 Executing VM operation: Cleanup done
Event: 500.368 Executing VM operation: Cleanup
Event: 500.369 Executing VM operation: Cleanup done
Event: 520.535 Executing VM operation: Cleanup
Event: 520.535 Executing VM operation: Cleanup done

Events (20 events):
Event: 11.746 loading class jdk/internal/reflect/ByteVectorImpl
Event: 11.746 loading class jdk/internal/reflect/ByteVector
Event: 11.746 loading class jdk/internal/reflect/ByteVector done
Event: 11.746 loading class jdk/internal/reflect/ByteVectorImpl done
Event: 11.746 loading class jdk/internal/reflect/ClassFileAssembler
Event: 11.746 loading class jdk/internal/reflect/ClassFileAssembler done
Event: 11.746 loading class jdk/internal/reflect/UTF8
Event: 11.747 loading class jdk/internal/reflect/UTF8 done
Event: 11.747 loading class jdk/internal/reflect/Label
Event: 11.748 loading class jdk/internal/reflect/Label done
Event: 11.748 loading class jdk/internal/reflect/Label$PatchInfo
Event: 11.748 loading class jdk/internal/reflect/Label$PatchInfo done
Event: 11.748 loading class jdk/internal/reflect/MethodAccessorGenerator$1
Event: 11.748 loading class jdk/internal/reflect/MethodAccessorGenerator$1 done
Event: 11.748 loading class jdk/internal/reflect/ClassDefiner
Event: 11.748 loading class jdk/internal/reflect/ClassDefiner done
Event: 11.748 loading class jdk/internal/reflect/ClassDefiner$1
Event: 11.748 loading class jdk/internal/reflect/ClassDefiner$1 done
Event: 13.901 loading class java/util/ArrayList$ListItr
Event: 13.901 loading class java/util/ArrayList$ListItr done


Dynamic libraries:
0x00007ff7a1280000 - 0x00007ff7a1290000 	C:\Program Files\Java\jdk-17\bin\java.exe
0x00007ffb6a650000 - 0x00007ffb6a848000 	C:\WINDOWS\SYSTEM32\ntdll.dll
0x00007ffb69920000 - 0x00007ffb699e1000 	C:\WINDOWS\System32\KERNEL32.DLL
0x00007ffb68000000 - 0x00007ffb682fd000 	C:\WINDOWS\System32\KERNELBASE.dll
0x00007ffb68580000 - 0x00007ffb68680000 	C:\WINDOWS\System32\ucrtbase.dll
0x00007ffb5a930000 - 0x00007ffb5a94b000 	C:\Program Files\Java\jdk-17\bin\VCRUNTIME140.dll
0x00007ffb5a910000 - 0x00007ffb5a929000 	C:\Program Files\Java\jdk-17\bin\jli.dll
0x00007ffb68680000 - 0x00007ffb68730000 	C:\WINDOWS\System32\ADVAPI32.dll
0x00007ffb69ce0000 - 0x00007ffb69d7e000 	C:\WINDOWS\System32\msvcrt.dll
0x00007ffb68bf0000 - 0x00007ffb68c90000 	C:\WINDOWS\System32\sechost.dll
0x00007ffb699f0000 - 0x00007ffb69b13000 	C:\WINDOWS\System32\RPCRT4.dll
0x00007ffb67f10000 - 0x00007ffb67f37000 	C:\WINDOWS\System32\bcrypt.dll
0x00007ffb68890000 - 0x00007ffb68a2d000 	C:\WINDOWS\System32\USER32.dll
0x00007ffb67fd0000 - 0x00007ffb67ff2000 	C:\WINDOWS\System32\win32u.dll
0x00007ffb69000000 - 0x00007ffb6902b000 	C:\WINDOWS\System32\GDI32.dll
0x00007ffb4e520000 - 0x00007ffb4e7ba000 	C:\WINDOWS\WinSxS\amd64_microsoft.windows.common-controls_6595b64144ccf1df_6.0.19041.4355_none_60b8b9eb71f62e16\COMCTL32.dll
0x00007ffb67df0000 - 0x00007ffb67f07000 	C:\WINDOWS\System32\gdi32full.dll
0x00007ffb67d50000 - 0x00007ffb67ded000 	C:\WINDOWS\System32\msvcp_win.dll
0x00007ffb5ec50000 - 0x00007ffb5ec5a000 	C:\WINDOWS\SYSTEM32\VERSION.dll
0x00007ffb69800000 - 0x00007ffb6982f000 	C:\WINDOWS\System32\IMM32.DLL
0x00007ffb55290000 - 0x00007ffb5529c000 	C:\Program Files\Java\jdk-17\bin\vcruntime140_1.dll
0x00007ffb276f0000 - 0x00007ffb2777e000 	C:\Program Files\Java\jdk-17\bin\msvcp140.dll
0x00007ffb26b10000 - 0x00007ffb276f0000 	C:\Program Files\Java\jdk-17\bin\server\jvm.dll
0x00007ffb68ff0000 - 0x00007ffb68ff8000 	C:\WINDOWS\System32\PSAPI.DLL
0x00007ffb64730000 - 0x00007ffb64739000 	C:\WINDOWS\SYSTEM32\WSOCK32.dll
0x00007ffb5c3d0000 - 0x00007ffb5c3f7000 	C:\WINDOWS\SYSTEM32\WINMM.dll
0x00007ffb698b0000 - 0x00007ffb6991b000 	C:\WINDOWS\System32\WS2_32.dll
0x00007ffb65b80000 - 0x00007ffb65b92000 	C:\WINDOWS\SYSTEM32\kernel.appcore.dll
0x00007ffb46b30000 - 0x00007ffb46b3a000 	C:\Program Files\Java\jdk-17\bin\jimage.dll
0x00007ffb5fc10000 - 0x00007ffb5fdf4000 	C:\WINDOWS\SYSTEM32\DBGHELP.DLL
0x00007ffb56cf0000 - 0x00007ffb56d24000 	C:\WINDOWS\SYSTEM32\dbgcore.DLL
0x00007ffb67f40000 - 0x00007ffb67fc2000 	C:\WINDOWS\System32\bcryptPrimitives.dll
0x00007ffb3c650000 - 0x00007ffb3c675000 	C:\Program Files\Java\jdk-17\bin\java.dll
0x00007ffb26a30000 - 0x00007ffb26b07000 	C:\Program Files\Java\jdk-17\bin\jsvml.dll
0x00007ffb69d80000 - 0x00007ffb6a4ef000 	C:\WINDOWS\System32\SHELL32.dll
0x00007ffb65d80000 - 0x00007ffb6651f000 	C:\WINDOWS\SYSTEM32\windows.storage.dll
0x00007ffb68c90000 - 0x00007ffb68fe3000 	C:\WINDOWS\System32\combase.dll
0x00007ffb67650000 - 0x00007ffb6767e000 	C:\WINDOWS\SYSTEM32\Wldp.dll
0x00007ffb687c0000 - 0x00007ffb6888d000 	C:\WINDOWS\System32\OLEAUT32.dll
0x00007ffb69bd0000 - 0x00007ffb69c7d000 	C:\WINDOWS\System32\SHCORE.dll
0x00007ffb69830000 - 0x00007ffb69885000 	C:\WINDOWS\System32\shlwapi.dll
0x00007ffb67c30000 - 0x00007ffb67c54000 	C:\WINDOWS\SYSTEM32\profapi.dll
0x00007ffb468d0000 - 0x00007ffb468e9000 	C:\Program Files\Java\jdk-17\bin\net.dll
0x00007ffb5eec0000 - 0x00007ffb5efcd000 	C:\WINDOWS\SYSTEM32\WINHTTP.dll
0x00007ffb673b0000 - 0x00007ffb6741a000 	C:\WINDOWS\system32\mswsock.dll
0x00007ffb439e0000 - 0x00007ffb439f6000 	C:\Program Files\Java\jdk-17\bin\nio.dll
0x00007ffb3fcb0000 - 0x00007ffb3fcc8000 	C:\Program Files\Java\jdk-17\bin\zip.dll
0x00007ffb46a20000 - 0x00007ffb46a30000 	C:\Program Files\Java\jdk-17\bin\verify.dll
0x00007ffb56940000 - 0x00007ffb56967000 	C:\Users\Matias\.gradle\native\c067742578af261105cb4f569cf0c3c89f3d7b1fecec35dd04571415982c5e48\windows-amd64\native-platform.dll
0x00007ffb63d20000 - 0x00007ffb63d2a000 	C:\Users\Matias\.gradle\native\jansi\1.18\windows64\jansi.dll
0x00007ffb62de0000 - 0x00007ffb62dea000 	C:\Program Files\Java\jdk-17\bin\management.dll
0x00007ffb62dd0000 - 0x00007ffb62ddb000 	C:\Program Files\Java\jdk-17\bin\management_ext.dll
0x00007ffb675a0000 - 0x00007ffb675b8000 	C:\WINDOWS\SYSTEM32\CRYPTSP.dll
0x00007ffb66cd0000 - 0x00007ffb66d04000 	C:\WINDOWS\system32\rsaenh.dll
0x00007ffb67be0000 - 0x00007ffb67c0e000 	C:\WINDOWS\SYSTEM32\USERENV.dll
0x00007ffb675c0000 - 0x00007ffb675cc000 	C:\WINDOWS\SYSTEM32\CRYPTBASE.dll
0x00007ffb67090000 - 0x00007ffb670cb000 	C:\WINDOWS\SYSTEM32\IPHLPAPI.DLL
0x00007ffb687b0000 - 0x00007ffb687b8000 	C:\WINDOWS\System32\NSI.dll
0x00007ffb60ea0000 - 0x00007ffb60eb7000 	C:\WINDOWS\SYSTEM32\dhcpcsvc6.DLL
0x00007ffb60e80000 - 0x00007ffb60e9d000 	C:\WINDOWS\SYSTEM32\dhcpcsvc.DLL
0x00007ffb670d0000 - 0x00007ffb6719a000 	C:\WINDOWS\SYSTEM32\DNSAPI.dll
0x00007ffb62d40000 - 0x00007ffb62d4e000 	C:\Program Files\Java\jdk-17\bin\sunmscapi.dll
0x00007ffb68300000 - 0x00007ffb6845e000 	C:\WINDOWS\System32\CRYPT32.dll
0x00007ffb676c0000 - 0x00007ffb676e9000 	C:\WINDOWS\SYSTEM32\ncrypt.dll
0x00007ffb67680000 - 0x00007ffb676bb000 	C:\WINDOWS\SYSTEM32\NTASN1.dll
0x00007ffb5e040000 - 0x00007ffb5e047000 	C:\WINDOWS\system32\wshunix.dll

dbghelp: loaded successfully - version: 4.0.5 - missing functions: none
symbol engine: initialized successfully - sym options: 0x614 - pdb path: .;C:\Program Files\Java\jdk-17\bin;C:\WINDOWS\SYSTEM32;C:\WINDOWS\WinSxS\amd64_microsoft.windows.common-controls_6595b64144ccf1df_6.0.19041.4355_none_60b8b9eb71f62e16;C:\Program Files\Java\jdk-17\bin\server;C:\Users\Matias\.gradle\native\c067742578af261105cb4f569cf0c3c89f3d7b1fecec35dd04571415982c5e48\windows-amd64;C:\Users\Matias\.gradle\native\jansi\1.18\windows64

VM Arguments:
jvm_args: -Xmx64m -Xms64m -Dorg.gradle.appname=gradlew 
java_command: org.gradle.wrapper.GradleWrapperMain bootRun --stacktrace
java_class_path (initial): C:\Users\Matias\Desktop\homebanking\homebanking\\gradle\wrapper\gradle-wrapper.jar
Launcher Type: SUN_STANDARD

[Global flags]
     intx CICompilerCount                          = 4                                         {product} {ergonomic}
     uint ConcGCThreads                            = 2                                         {product} {ergonomic}
     uint G1ConcRefinementThreads                  = 8                                         {product} {ergonomic}
   size_t G1HeapRegionSize                         = 1048576                                   {product} {ergonomic}
    uintx GCDrainStackTargetSize                   = 64                                        {product} {ergonomic}
   size_t InitialHeapSize                          = 67108864                                  {product} {command line}
   size_t MarkStackSize                            = 4194304                                   {product} {ergonomic}
   size_t MaxHeapSize                              = 67108864                                  {product} {command line}
   size_t MaxNewSize                               = 39845888                                  {product} {ergonomic}
   size_t MinHeapDeltaBytes                        = 1048576                                   {product} {ergonomic}
   size_t MinHeapSize                              = 67108864                                  {product} {command line}
    uintx NonNMethodCodeHeapSize                   = 5839372                                {pd product} {ergonomic}
    uintx NonProfiledCodeHeapSize                  = 122909434                              {pd product} {ergonomic}
    uintx ProfiledCodeHeapSize                     = 122909434                              {pd product} {ergonomic}
    uintx ReservedCodeCacheSize                    = 251658240                              {pd product} {ergonomic}
     bool SegmentedCodeCache                       = true                                      {product} {ergonomic}
   size_t SoftMaxHeapSize                          = 67108864                               {manageable} {ergonomic}
     bool UseCompressedClassPointers               = true                           {product lp64_product} {ergonomic}
     bool UseCompressedOops                        = true                           {product lp64_product} {ergonomic}
     bool UseG1GC                                  = true                                      {product} {ergonomic}
     bool UseLargePagesIndividualAllocation        = false                                  {pd product} {ergonomic}

Logging:
Log output configuration:
 #0: stdout all=warning uptime,level,tags
 #1: stderr all=off uptime,level,tags

Environment Variables:
JAVA_HOME=C:\Program Files\Java\jdk-17
CLASSPATH=C:\Users\Matias\Desktop\homebanking\homebanking\\gradle\wrapper\gradle-wrapper.jar
PATH=C:\Program Files\Common Files\Oracle\Java\javapath;C:\Python311\Scripts\;C:\Python311\;C:\Program Files (x86)\VMware\VMware Player\bin\;C:\Program Files (x86)\Common Files\Oracle\Java\javapath;C:\WINDOWS\system32;C:\WINDOWS;C:\WINDOWS\System32\Wbem;C:\WINDOWS\System32\WindowsPowerShell\v1.0\;C:\WINDOWS\System32\OpenSSH\;C:\Program Files\Microsoft SQL Server\120\Tools\Binn\;C:\Program Files\Git\cmd;C:\ProgramData\chocolatey\bin;C:\Program Files\Microsoft SQL Server\Client SDK\ODBC\170\Tools\Binn\;C:\Program Files (x86)\Microsoft SQL Server\150\Tools\Binn\;C:\Program Files\Microsoft SQL Server\150\Tools\Binn\;C:\Program Files\Microsoft SQL Server\150\DTS\Binn\;C:\Program Files\nodejs\;C:\Program Files\Java\jdk-17\bin;C:\Users\Matias\AppData\Local\Microsoft\WindowsApps;C:\Users\Matias\AppData\Local\GitHubDesktop\bin;C:\Users\Matias\AppData\Local\Programs\Microsoft VS Code\bin;C:\Users\Matias\AppData\Roaming\npm
USERNAME=Lola
OS=Windows_NT
PROCESSOR_IDENTIFIER=AMD64 Family 23 Model 17 Stepping 0, AuthenticAMD



---------------  S Y S T E M  ---------------

OS:
 Windows 10 , 64 bit Build 19041 (10.0.19041.4717)
OS uptime: 12 days 22:44 hours

CPU: total 8 (initial active 8) (8 cores per cpu, 2 threads per core) family 23 model 17 stepping 0 microcode 0x0, cx8, cmov, fxsr, ht, mmx, 3dnowpref, sse, sse2, sse3, ssse3, sse4a, sse4.1, sse4.2, popcnt, lzcnt, tsc, tscinvbit, avx, avx2, aes, clmul, bmi1, bmi2, adx, sha, fma, vzeroupper, clflush, clflushopt

Memory: 4k page, system-wide physical 7068M (489M free)
TotalPageFile size 28572M (AvailPageFile size 3M)
current process WorkingSet (physical memory assigned to process): 21M, peak: 104M
current process commit charge ("private bytes"): 166M, peak: 178M

vm_info: Java HotSpot(TM) 64-Bit Server VM (17.0.11+7-LTS-207) for windows-amd64 JRE (17.0.11+7-LTS-207), built on Mar 11 2024 19:01:50 by "mach5one" with MS VC++ 17.6 (VS2022)

END.
